c:\users\mike\source\repos\lialis-onedrive\lialis\lialis\lialis\x64\release\lialis.pch
c:\users\mike\source\repos\lialis-onedrive\lialis\lialis\lialis\x64\release\stdafx.obj
c:\users\mike\source\repos\lialis-onedrive\lialis\lialis\lialis\x64\release\winsock.obj
c:\users\mike\source\repos\lialis-onedrive\lialis\lialis\lialis\x64\release\theme.obj
c:\users\mike\source\repos\lialis-onedrive\lialis\lialis\lialis\x64\release\settingsproc.obj
c:\users\mike\source\repos\lialis-onedrive\lialis\lialis\lialis\x64\release\remote.obj
c:\users\mike\source\repos\lialis-onedrive\lialis\lialis\lialis\x64\release\mainproc.obj
c:\users\mike\source\repos\lialis-onedrive\lialis\lialis\lialis\x64\release\listview.obj
c:\users\mike\source\repos\lialis-onedrive\lialis\lialis\lialis\x64\release\lialis.obj
c:\users\mike\source\repos\lialis-onedrive\lialis\lialis\lialis\x64\release\connectionhandler.obj
c:\users\mike\source\repos\lialis-onedrive\lialis\lialis\lialis\x64\release\buildproc.obj
c:\users\mike\source\repos\lialis-onedrive\lialis\lialis\x64\release\lialis.ipdb
c:\users\mike\source\repos\lialis-onedrive\lialis\lialis\x64\release\lialis.iobj
c:\users\mike\source\repos\lialis-onedrive\lialis\lialis\x64\release\lialis.exe
c:\users\mike\source\repos\lialis-onedrive\lialis\lialis\x64\release\lialis.map
c:\users\mike\source\repos\lialis-onedrive\lialis\lialis\x64\release\lialis.pdb
c:\users\mike\source\repos\lialis-onedrive\lialis\lialis\lialis\x64\release\lialis.res
c:\users\mike\source\repos\lialis-onedrive\lialis\lialis\lialis\x64\release\lialis.tlog\cl.command.1.tlog
c:\users\mike\source\repos\lialis-onedrive\lialis\lialis\lialis\x64\release\lialis.tlog\cl.read.1.tlog
c:\users\mike\source\repos\lialis-onedrive\lialis\lialis\lialis\x64\release\lialis.tlog\cl.write.1.tlog
c:\users\mike\source\repos\lialis-onedrive\lialis\lialis\lialis\x64\release\lialis.tlog\lialis.write.1u.tlog
c:\users\mike\source\repos\lialis-onedrive\lialis\lialis\lialis\x64\release\lialis.tlog\link.command.1.tlog
c:\users\mike\source\repos\lialis-onedrive\lialis\lialis\lialis\x64\release\lialis.tlog\link.read.1.tlog
c:\users\mike\source\repos\lialis-onedrive\lialis\lialis\lialis\x64\release\lialis.tlog\link.write.1.tlog
c:\users\mike\source\repos\lialis-onedrive\lialis\lialis\lialis\x64\release\lialis.tlog\rc.command.1.tlog
c:\users\mike\source\repos\lialis-onedrive\lialis\lialis\lialis\x64\release\lialis.tlog\rc.read.1.tlog
c:\users\mike\source\repos\lialis-onedrive\lialis\lialis\lialis\x64\release\lialis.tlog\rc.write.1.tlog
