c:\users\mike\source\repos\lialis-onedrive\lialis\lialis\lialis\x64\debug\lialis.pch
c:\users\mike\source\repos\lialis-onedrive\lialis\lialis\lialis\x64\debug\vc142.pdb
c:\users\mike\source\repos\lialis-onedrive\lialis\lialis\lialis\x64\debug\vc142.idb
c:\users\mike\source\repos\lialis-onedrive\lialis\lialis\lialis\x64\debug\stdafx.obj
c:\users\mike\source\repos\lialis-onedrive\lialis\lialis\lialis\x64\debug\remote.obj
c:\users\mike\source\repos\lialis-onedrive\lialis\lialis\lialis\x64\debug\connectionhandler.obj
c:\users\mike\source\repos\lialis-onedrive\lialis\lialis\lialis\x64\debug\theme.obj
c:\users\mike\source\repos\lialis-onedrive\lialis\lialis\lialis\x64\debug\winsock.obj
c:\users\mike\source\repos\lialis-onedrive\lialis\lialis\lialis\x64\debug\mainproc.obj
c:\users\mike\source\repos\lialis-onedrive\lialis\lialis\lialis\x64\debug\lialis.obj
c:\users\mike\source\repos\lialis-onedrive\lialis\lialis\lialis\x64\debug\settingsproc.obj
c:\users\mike\source\repos\lialis-onedrive\lialis\lialis\lialis\x64\debug\listview.obj
c:\users\mike\source\repos\lialis-onedrive\lialis\lialis\lialis\x64\debug\buildproc.obj
c:\users\mike\source\repos\lialis-onedrive\lialis\lialis\x64\debug\lialis.exe
c:\users\mike\source\repos\lialis-onedrive\lialis\lialis\x64\debug\lialis.ilk
c:\users\mike\source\repos\lialis-onedrive\lialis\lialis\x64\debug\lialis.map
c:\users\mike\source\repos\lialis-onedrive\lialis\lialis\x64\debug\lialis.pdb
c:\users\mike\source\repos\lialis-onedrive\lialis\lialis\lialis\x64\debug\lialis.res
c:\users\mike\source\repos\lialis-onedrive\lialis\lialis\lialis\x64\debug\remote.new.obj.enc
c:\users\mike\source\repos\lialis-onedrive\lialis\lialis\lialis\x64\debug\theme.obj.enc
c:\users\mike\source\repos\lialis-onedrive\lialis\lialis\lialis\x64\debug\nativecodeanalysis.read.1.tlog
c:\users\mike\source\repos\lialis-onedrive\lialis\lialis\lialis\x64\debug\lialis.pchast
c:\users\mike\source\repos\lialis-onedrive\lialis\lialis\lialis\x64\debug\buildproc.nativecodeanalysis.xml
c:\users\mike\source\repos\lialis-onedrive\lialis\lialis\lialis\x64\debug\connectionhandler.nativecodeanalysis.xml
c:\users\mike\source\repos\lialis-onedrive\lialis\lialis\lialis\x64\debug\lialis.nativecodeanalysis.xml
c:\users\mike\source\repos\lialis-onedrive\lialis\lialis\lialis\x64\debug\listview.nativecodeanalysis.xml
c:\users\mike\source\repos\lialis-onedrive\lialis\lialis\lialis\x64\debug\mainproc.nativecodeanalysis.xml
c:\users\mike\source\repos\lialis-onedrive\lialis\lialis\lialis\x64\debug\remote.nativecodeanalysis.xml
c:\users\mike\source\repos\lialis-onedrive\lialis\lialis\lialis\x64\debug\settingsproc.nativecodeanalysis.xml
c:\users\mike\source\repos\lialis-onedrive\lialis\lialis\lialis\x64\debug\stdafx.nativecodeanalysis.xml
c:\users\mike\source\repos\lialis-onedrive\lialis\lialis\lialis\x64\debug\theme.nativecodeanalysis.xml
c:\users\mike\source\repos\lialis-onedrive\lialis\lialis\lialis\x64\debug\vc.nativecodeanalysis.all.xml
c:\users\mike\source\repos\lialis-onedrive\lialis\lialis\lialis\x64\debug\winsock.nativecodeanalysis.xml
c:\users\mike\source\repos\lialis-onedrive\lialis\lialis\lialis\x64\debug\lialis.tlog\cl.command.1.tlog
c:\users\mike\source\repos\lialis-onedrive\lialis\lialis\lialis\x64\debug\lialis.tlog\cl.read.1.tlog
c:\users\mike\source\repos\lialis-onedrive\lialis\lialis\lialis\x64\debug\lialis.tlog\cl.write.1.tlog
c:\users\mike\source\repos\lialis-onedrive\lialis\lialis\lialis\x64\debug\lialis.tlog\link.command.1.tlog
c:\users\mike\source\repos\lialis-onedrive\lialis\lialis\lialis\x64\debug\lialis.tlog\link.read.1.tlog
c:\users\mike\source\repos\lialis-onedrive\lialis\lialis\lialis\x64\debug\lialis.tlog\link.write.1.tlog
c:\users\mike\source\repos\lialis-onedrive\lialis\lialis\lialis\x64\debug\lialis.tlog\rc.command.1.tlog
c:\users\mike\source\repos\lialis-onedrive\lialis\lialis\lialis\x64\debug\lialis.tlog\rc.read.1.tlog
c:\users\mike\source\repos\lialis-onedrive\lialis\lialis\lialis\x64\debug\lialis.tlog\rc.write.1.tlog
