  stdafx.cpp
  BuildProc.cpp
C:\Users\mike\source\repos\Lialis-OneDrive\Lialis\Lialis\Lialis\BuildProc.cpp(4,9): error C2373:  'BuildProc': redefinition; different type modifiers
  ConnectionHandler.cpp
  Lialis.cpp
C:\Users\mike\source\repos\Lialis-OneDrive\Lialis\Lialis\Lialis\BuildProc.h(7): message :  see declaration of 'BuildProc'
C:\Users\mike\source\repos\Lialis-OneDrive\Lialis\Lialis\Lialis\Lialis.cpp(105,9): error C2664:  'ATOM Theme::RClass(UINT,WNDPROC,HINSTANCE,HCURSOR,HICON,HBRUSH,LPCWSTR,LPCWSTR,int)': cannot convert argument 2 from 'LRESULT (__cdecl *)(HWND,UINT,WPARAM,LPARAM)' to 'WNDPROC'
  ListView.cpp
C:\Users\mike\source\repos\Lialis-OneDrive\Lialis\Lialis\Lialis\Lialis.cpp(105,28): message :  None of the functions with this name in scope match the target type
C:\Users\mike\source\repos\Lialis-OneDrive\Lialis\Lialis\Lialis\ListView.cpp(65,34): warning C4018:  '<': signed/unsigned mismatch
C:\Users\mike\source\repos\Lialis-OneDrive\Lialis\Lialis\Lialis\ListView.cpp(70,33): warning C4018:  '>=': signed/unsigned mismatch
C:\Users\mike\source\repos\Lialis-OneDrive\Lialis\Lialis\Lialis\ListView.cpp(76,32): warning C4018:  '>=': signed/unsigned mismatch
C:\Users\mike\source\repos\Lialis-OneDrive\Lialis\Lialis\Lialis\ListView.cpp(115,11): warning C4018:  '<': signed/unsigned mismatch
C:\Users\mike\source\repos\Lialis-OneDrive\Lialis\Lialis\Lialis\ListView.cpp(116,24): warning C4018:  '<': signed/unsigned mismatch
C:\Users\mike\source\repos\Lialis-OneDrive\Lialis\Lialis\Lialis\ListView.cpp(199,56): warning C4018:  '<': signed/unsigned mismatch
C:\Users\mike\source\repos\Lialis-OneDrive\Lialis\Lialis\Lialis\ListView.cpp(337,49): warning C4018:  '<': signed/unsigned mismatch
C:\Users\mike\source\repos\Lialis-OneDrive\Lialis\Lialis\Lialis\ListView.cpp(568,51): warning C4018:  '>': signed/unsigned mismatch
  MainProc.cpp
  Remote.cpp
C:\Users\mike\source\repos\Lialis-OneDrive\Lialis\Lialis\Lialis\ListView.cpp(572,56): warning C4018:  '<': signed/unsigned mismatch
C:\Users\mike\source\repos\Lialis-OneDrive\Lialis\Lialis\Lialis\Remote.cpp(271,68): warning C4244:  'argument': conversion from 'LONG' to 'FLOAT', possible loss of data
C:\Users\mike\source\repos\Lialis-OneDrive\Lialis\Lialis\Lialis\Remote.cpp(271,58): warning C4244:  'argument': conversion from 'LONG' to 'FLOAT', possible loss of data
C:\Users\mike\source\repos\Lialis-OneDrive\Lialis\Lialis\Lialis\Remote.cpp(271,50): warning C4244:  'argument': conversion from 'LONG' to 'FLOAT', possible loss of data
C:\Users\mike\source\repos\Lialis-OneDrive\Lialis\Lialis\Lialis\Remote.cpp(271,41): warning C4244:  'argument': conversion from 'LONG' to 'FLOAT', possible loss of data
C:\Users\mike\source\repos\Lialis-OneDrive\Lialis\Lialis\Lialis\Remote.cpp(308,10): warning C4552:  '-': result of expression not used
C:\Users\mike\source\repos\Lialis-OneDrive\Lialis\Lialis\Lialis\Remote.cpp(318,2): warning C4065:  switch statement contains 'default' but no 'case' labels
  SettingsProc.cpp
C:\Users\mike\source\repos\Lialis-OneDrive\Lialis\Lialis\Lialis\Remote.cpp(420,8): warning C4101:  'uHitTest': unreferenced local variable
C:\Users\mike\source\repos\Lialis-OneDrive\Lialis\Lialis\Lialis\SettingsProc.cpp(4,9): error C2373:  'SettingsProc': redefinition; different type modifiers
  Theme.cpp
C:\Users\mike\source\repos\Lialis-OneDrive\Lialis\Lialis\Lialis\SettingsProc.h(7): message :  see declaration of 'SettingsProc'
C:\Users\mike\source\repos\Lialis-OneDrive\Lialis\Lialis\Lialis\Theme.cpp(186,8): warning C4101:  'hp': unreferenced local variable
C:\Users\mike\source\repos\Lialis-OneDrive\Lialis\Lialis\Lialis\Theme.cpp(425,16): error C2373:  'Theme::ListViewButtonProc': redefinition; different type modifiers
  Winsock.cpp
C:\Users\mike\source\repos\Lialis-OneDrive\Lialis\Lialis\Lialis\Theme.h(25): message :  see declaration of 'Theme::ListViewButtonProc'
